2022-06-23 22:40:33,173 - INFO - app_logger - console file
2022-06-23 22:41:49,068 - INFO - app_logger - console file
2022-06-23 22:42:06,268 - INFO - app_logger - console file
2022-06-23 22:42:06,268 - ERROR - app_logger - can only concatenate str (not "int") to str
Traceback (most recent call last):
  File "c:/Users/int/Desktop/weather/coordinates.py", line 16, in a
    return d+10
TypeError: can only concatenate str (not "int") to str
2022-06-23 22:51:30,845 - INFO - app_logger - console file
2022-06-23 22:51:30,845 - INFO - app_logger - warning!can only concatenate str (not "int") to str
2022-06-23 22:52:08,811 - INFO - app_logger - warning!can only concatenate str (not "int") to str
2022-06-23 22:52:53,284 - INFO - app_logger - warning!can only concatenate str (not "int") to str
2022-06-23 22:53:57,091 - INFO - app_logger - warning!can only concatenate str (not "int") to str
2022-06-23 22:54:21,190 - INFO - app_logger - warning!can only concatenate str (not "int") to str
2022-06-23 23:10:25,562 - INFO - app_logger - warning!can only concatenate str (not "int") to str
2022-06-23 23:10:25,562 - INFO - app_logger - 'int' object is not iterable
2022-06-23 23:11:34,045 - INFO - app_logger - warning!can only concatenate str (not "int") to str
2022-06-23 23:11:34,050 - INFO - app_logger - 'int' object is not iterable
Traceback (most recent call last):
  File "c:/Users/int/Desktop/weather/coordinates.py", line 16, in func
    s=sum(ro)
TypeError: 'int' object is not iterable
2022-06-24 11:57:23,800 - INFO - app_logger - warning!can only concatenate str (not "int") to str
2022-06-24 11:57:23,819 - INFO - app_logger - 'int' object is not iterable
Traceback (most recent call last):
  File "C:/Users/Programmer/PycharmProjects/weather10/coordinates.py", line 16, in func
    s=sum(ro)
TypeError: 'int' object is not iterable
